<?xml version="1.0" encoding="UTF-8"?>
<testng-results skipped="0" failed="0" ignored="0" total="1" passed="1">
  <reporter-output>
  </reporter-output>
  <suite name="Default suite" duration-ms="12018" started-at="2020-10-17T18:48:33Z" finished-at="2020-10-17T18:48:45Z">
    <groups>
    </groups>
    <test name="Default test" duration-ms="12018" started-at="2020-10-17T18:48:33Z" finished-at="2020-10-17T18:48:45Z">
      <class name="testCases.LoginPageTest">
        <test-method status="PASS" signature="setUp()[pri:0, instance:testCases.LoginPageTest@3ee0fea4]" name="setUp" is-config="true" duration-ms="4972" started-at="2020-10-17T18:48:33Z" finished-at="2020-10-17T18:48:38Z">
          <reporter-output>
          </reporter-output>
        </test-method> <!-- setUp -->
        <test-method status="PASS" signature="loginTest()[pri:1, instance:testCases.LoginPageTest@3ee0fea4]" name="loginTest" duration-ms="7022" started-at="2020-10-17T18:48:38Z" finished-at="2020-10-17T18:48:45Z">
          <reporter-output>
          </reporter-output>
        </test-method> <!-- loginTest -->
      </class> <!-- testCases.LoginPageTest -->
    </test> <!-- Default test -->
  </suite> <!-- Default suite -->
</testng-results>
